<?xml version="1.0" encoding="UTF-8"?>
<!-- Generated by org.testng.reporters.JUnitXMLReporter -->
<testsuite hostname="TYSS-Vijayalaxmi" ignored="0" name="Default test" tests="11" failures="0" timestamp="2023-01-20T16:42:52 IST" time="0.059" errors="0">
  <testcase name="delete" time="0.006" classname="Practice_Maven.UpdateTest"/>
  <testcase name="update" time="0.002" classname="Practice_Maven.UpdateTest"/>
  <testcase name="Script1test" time="0.001" classname="Practice_Maven.GithubScript1_Test"/>
  <testcase name="script5_test" time="0.001" classname="maven_scripts.TestScript3_Test"/>
  <testcase name="script6_test" time="0.0" classname="maven_scripts.TestScript3_Test"/>
  <testcase name="script3_test" time="0.001" classname="maven_scripts.TestScript2_Test"/>
  <testcase name="script4_test" time="0.001" classname="maven_scripts.TestScript2_Test"/>
  <testcase name="create" time="0.001" classname="Practice_Maven.CreateTest"/>
  <testcase name="class1_test" time="0.0" classname="github_package.Class1_test"/>
  <testcase name="script1_test" time="0.0" classname="maven_scripts.TestScript1_Test"/>
  <testcase name="script2_test" time="0.001" classname="maven_scripts.TestScript1_Test"/>
</testsuite> <!-- Default test -->
