<?xml version="1.0" encoding="UTF-8"?>
<!-- Generated by org.testng.reporters.JUnitXMLReporter -->
<testsuite hostname="TYSS-Vijayalaxmi" ignored="3" name="Test" tests="3" failures="0" timestamp="2023-01-16T20:55:39 IST" time="0.05" errors="0">
  <testcase name="test4" time="0.006" classname="Practice_Maven.SimpleTest2"/>
  <testcase name="test1" time="0.0" classname="Practice_Maven.SimpleTest1"/>
  <testcase name="test5" time="0.001" classname="Practice_Maven.SimpleTest3"/>
  <testcase name="test3" time="0.0" classname="Practice_Maven.SimpleTest2">
    <ignored/>
  </testcase> <!-- test3 -->
  <testcase name="test2" time="0.0" classname="Practice_Maven.SimpleTest1">
    <ignored/>
  </testcase> <!-- test2 -->
  <testcase name="test4" time="0.0" classname="Practice_Maven.SimpleTest3">
    <ignored/>
  </testcase> <!-- test4 -->
</testsuite> <!-- Test -->
