<?xml version="1.0" encoding="UTF-8"?>
<!-- Generated by org.testng.reporters.JUnitXMLReporter -->
<testsuite hostname="TYSS-Vijayalaxmi" ignored="0" name="Practice_Maven" tests="9" failures="0" timestamp="2023-01-17T09:53:30 IST" time="0.057" errors="0">
  <testcase name="create" time="0.005" classname="Practice_Maven.CreateTest"/>
  <testcase name="test1" time="0.001" classname="Practice_Maven.Simple1_Test"/>
  <testcase name="test2" time="0.001" classname="Practice_Maven.Simple1_Test"/>
  <testcase name="test3" time="0.001" classname="Practice_Maven.Simple2_Test"/>
  <testcase name="test4" time="0.001" classname="Practice_Maven.Simple2_Test"/>
  <testcase name="test4" time="0.001" classname="Practice_Maven.Simple3_Test"/>
  <testcase name="test5" time="0.001" classname="Practice_Maven.Simple3_Test"/>
  <testcase name="delete" time="0.0" classname="Practice_Maven.UpdateTest"/>
  <testcase name="update" time="0.002" classname="Practice_Maven.UpdateTest"/>
</testsuite> <!-- Practice_Maven -->
