<?xml version="1.0" encoding="UTF-8"?>
<testng-results skipped="0" failed="0" ignored="0" total="1" passed="1">
  <reporter-output>
  </reporter-output>
  <suite name="Default suite" duration-ms="38" started-at="2023-01-18T11:17:20 IST" finished-at="2023-01-18T11:17:20 IST">
    <groups>
    </groups>
    <test name="Default test" duration-ms="38" started-at="2023-01-18T11:17:20 IST" finished-at="2023-01-18T11:17:20 IST">
      <class name="Practice_Maven.CreateTest">
        <test-method status="PASS" signature="create()[pri:0, instance:Practice_Maven.CreateTest@757942a1]" name="create" duration-ms="6" started-at="2023-01-18T11:17:20 IST" finished-at="2023-01-18T11:17:20 IST">
          <reporter-output>
          </reporter-output>
        </test-method> <!-- create -->
      </class> <!-- Practice_Maven.CreateTest -->
    </test> <!-- Default test -->
  </suite> <!-- Default suite -->
</testng-results>
